<?xml version="1.0" encoding="UTF-8"?>
<!-- Generated by org.testng.reporters.JUnitReportReporter -->
<testsuite skipped="0" hostname="BLT1204" name="Demo.Keyboard" tests="1" failures="0" timestamp="2020-02-20T11:01:44 IST" time="10.400" errors="0">
  <testcase name="Key" time="10.400" classname="Demo.Keyboard"/>
</testsuite> <!-- Demo.Keyboard -->
