<?xml version="1.0" encoding="UTF-8"?>
<!-- Generated by org.testng.reporters.JUnitReportReporter -->
<testsuite hostname="BLT1204" name="TestNg.Headless_Browser" tests="1" failures="0" timestamp="18 Feb 2020 05:31:09 GMT" time="3.895" errors="0">
  <testcase name="login" time="3.895" classname="TestNg.Headless_Browser"/>
</testsuite> <!-- TestNg.Headless_Browser -->
