<?xml version="1.0" encoding="UTF-8"?>
<!-- Generated by org.testng.reporters.JUnitReportReporter -->
<testsuite hostname="BLT1204" name="TestNg.PriorityTestcase" tests="3" failures="0" timestamp="17 Feb 2020 11:35:09 GMT" time="0.031" errors="0">
  <testcase name="testcase1" time="0.016" classname="TestNg.PriorityTestcase"/>
  <testcase name="testcase3" time="0.000" classname="TestNg.PriorityTestcase"/>
  <testcase name="testcase2" time="0.015" classname="TestNg.PriorityTestcase"/>
</testsuite> <!-- TestNg.PriorityTestcase -->
