<?xml version="1.0" encoding="UTF-8"?>
<!-- Generated by org.testng.reporters.JUnitReportReporter -->
<testsuite hostname="BLT1204" name="TestNg.Paralleltestcase1" tests="3" failures="0" timestamp="19 Feb 2020 11:49:15 GMT" time="0.028" errors="0">
  <testcase name="testcase1" time="0.025" classname="TestNg.Paralleltestcase1"/>
  <testcase name="testcase2" time="0.001" classname="TestNg.Paralleltestcase1"/>
  <testcase name="testcase3" time="0.002" classname="TestNg.Paralleltestcase1"/>
</testsuite> <!-- TestNg.Paralleltestcase1 -->
