<?xml version="1.0" encoding="UTF-8"?>
<!-- Generated by org.testng.reporters.JUnitReportReporter -->
<testsuite hostname="BLT1204" name="TestNg.WindowHandling" tests="1" failures="0" timestamp="19 Feb 2020 11:19:12 GMT" time="11.279" errors="0">
  <testcase name="Irtclogin" time="11.279" classname="TestNg.WindowHandling"/>
</testsuite> <!-- TestNg.WindowHandling -->
