<?xml version="1.0" encoding="UTF-8"?>
<!-- Generated by org.testng.reporters.JUnitReportReporter -->
<testsuite hostname="BLT1204" name="TestNg.NewProject" tests="2" failures="0" timestamp="17 Feb 2020 11:04:51 GMT" time="19.065" errors="0">
  <testcase name="screenshot" time="7.670" classname="TestNg.NewProject"/>
  <testcase name="Login" time="11.395" classname="TestNg.NewProject"/>
</testsuite> <!-- TestNg.NewProject -->
