<?xml version="1.0" encoding="UTF-8"?>
<!-- Generated by org.testng.reporters.JUnitReportReporter -->
<testsuite hostname="BLT1204" name="TestNg.Paralleltestcase" tests="3" failures="0" timestamp="19 Feb 2020 11:32:31 GMT" time="0.033" errors="0">
  <testcase name="testcase1" time="0.017" classname="TestNg.Paralleltestcase"/>
  <testcase name="testcase2" time="0.000" classname="TestNg.Paralleltestcase"/>
  <testcase name="testcase3" time="0.016" classname="TestNg.Paralleltestcase"/>
</testsuite> <!-- TestNg.Paralleltestcase -->
