<?xml version="1.0" encoding="UTF-8"?>
<!-- Generated by org.testng.reporters.JUnitReportReporter -->
<testsuite hostname="BLT1204" name="TestNg.DependsonGroup" tests="1" failures="0" timestamp="17 Feb 2020 11:24:18 GMT" time="0.031" errors="0">
  <testcase name="testcase1" time="0.031" classname="TestNg.DependsonGroup"/>
</testsuite> <!-- TestNg.DependsonGroup -->
