<?xml version="1.0" encoding="UTF-8"?>
<!-- Generated by org.testng.reporters.JUnitReportReporter -->
<testsuite hostname="BLT1204" name="TestNg.SampleTestCases" tests="2" failures="0" timestamp="19 Feb 2020 09:22:24 GMT" time="0.016" errors="0">
  <testcase name="testcase2" time="0.000" classname="TestNg.SampleTestCases"/>
  <testcase name="testcase1" time="0.016" classname="TestNg.SampleTestCases"/>
</testsuite> <!-- TestNg.SampleTestCases -->
