<?xml version="1.0" encoding="UTF-8"?>
<!-- Generated by org.testng.reporters.JUnitReportReporter -->
<testsuite skipped="0" hostname="BLT1204" name="DemoGradle.Keyboard" tests="1" failures="0" timestamp="2020-02-20T12:32:01 IST" time="56.785" errors="0">
  <testcase name="Key" time="56.785" classname="DemoGradle.Keyboard"/>
</testsuite> <!-- DemoGradle.Keyboard -->
