<?xml version="1.0" encoding="UTF-8"?>
<!-- Generated by org.testng.reporters.JUnitReportReporter -->
<testsuite hostname="BLT1204" name="Training.TestngDemo$paralleltestcase" tests="3" failures="0" timestamp="17 Feb 2020 08:25:01 GMT" time="0.017" errors="0">
  <testcase name="testcase2" time="0.001" classname="Training.TestngDemo$paralleltestcase"/>
  <testcase name="testcase1" time="0.015" classname="Training.TestngDemo$paralleltestcase"/>
  <testcase name="testcase3" time="0.001" classname="Training.TestngDemo$paralleltestcase"/>
</testsuite> <!-- Training.TestngDemo$paralleltestcase -->
