<?xml version="1.0" encoding="UTF-8"?>
<!-- Generated by org.testng.reporters.JUnitReportReporter -->
<testsuite skipped="0" hostname="BLT1204" name="Training.ScrollDown" tests="1" failures="0" timestamp="2020-02-24T15:21:07 IST" time="21.413" errors="0">
  <testcase name="scrolldown" time="21.413" classname="Training.ScrollDown"/>
</testsuite> <!-- Training.ScrollDown -->
