<?xml version="1.0" encoding="UTF-8"?>
<!-- Generated by org.testng.reporters.JUnitReportReporter -->
<testsuite skipped="0" hostname="BLT1204" name="Cucumber.Explicit" tests="1" failures="0" timestamp="2020-02-21T11:20:34 IST" time="70.978" errors="0">
  <testcase name="Explicitwait" time="70.978" classname="Cucumber.Explicit"/>
</testsuite> <!-- Cucumber.Explicit -->
